Arguments: 
  G:\npm\node.exe C:\Users\agbon\AppData\Roaming\npm\node_modules\yarn\bin\yarn.js add style-components

PATH: 
  C:\Program Files\Java\jdk-9.0.4\bin;C:\Program Files (x86)\Python37-32\Scripts\;C:\Program Files (x86)\Python37-32\;G:\python;C:\Program Files (x86)\Intel\iCLS Client\;C:\Program Files\Intel\iCLS Client\;C:\Windows\system32;C:\Windows;C:\Windows\System32\Wbem;C:\Windows\System32\WindowsPowerShell\v1.0\;C:\Program Files (x86)\NVIDIA Corporation\PhysX\Common;C:\Program Files (x86)\Intel\Intel(R) Management Engine Components\DAL;C:\Program Files\Intel\Intel(R) Management Engine Components\DAL;C:\Program Files (x86)\Intel\Intel(R) Management Engine Components\IPT;C:\Program Files\Intel\Intel(R) Management Engine Components\IPT;C:\WINDOWS\system32;C:\WINDOWS;C:\WINDOWS\System32\Wbem;C:\WINDOWS\System32\WindowsPowerShell\v1.0\;G:\npm\;C:\Program Files\dotnet\;C:\Program Files\MongoDB\Server\3.6\bin;C:\Program Files\Intel\WiFi\bin\;C:\Program Files\Common Files\Intel\WirelessCommon\;C:\WINDOWS\System32\OpenSSH\;C:\wamp64\bin\php\php7.1.9;C:\composer;C:\Users\agbon\Desktop\TP_IG5\lucene-4.4.0\analysis\common;C:\Users\agbon\Desktop\TP_IG5\lucene-4.4.0\core;C:\Users\agbon\Desktop\TP_IG5\lucene-4.4.0\queryparser;C:\Users\agbon\Desktop\TP_IG5\lucene-4.4.0\demo;C:\Program Files (x86)\sbt\bin;G:\Git\cmd;C:\Program Files (x86)\apache-maven-3.5.4\bin;C:\Program Files (x86)\spring-2.0.5.RELEASE;C:\Program Files\Microsoft SQL Server\130\Tools\Binn\;C:\ProgramData\chocolatey\bin;C:\Users\agbon\AppData\Local\Microsoft\WindowsApps;C:\Users\agbon\AppData\Roaming\npm;C:\Program Files\MongoDB\Server\3.6\bin;G:\python\Lib;C:\Program Files\Microsoft VS Code\bin;C:\Program Files\Intel\WiFi\bin\;C:\Program Files\Common Files\Intel\WirelessCommon\;C:\Users\agbon\AppData\Roaming\Composer\vendor\bin;C:\Program Files\heroku\bin;C:\Program Files\Docker Toolbox;C:\Users\agbon\.dotnet\tools;C:\Users\agbon\AppData\Local\Programs\Microsoft VS Code\bin;C:\Users\agbon\AppData\Local\.meteor;

Yarn version: 
  1.9.4

Node version: 
  8.9.4

Platform: 
  win32 x64

Trace: 
  Error: https://registry.yarnpkg.com/style-components: Not found
      at Request.params.callback [as _callback] (C:\Users\agbon\AppData\Roaming\npm\node_modules\yarn\lib\cli.js:64202:18)
      at Request.self.callback (C:\Users\agbon\AppData\Roaming\npm\node_modules\yarn\lib\cli.js:137468:22)
      at emitTwo (events.js:126:13)
      at Request.emit (events.js:214:7)
      at Request.<anonymous> (C:\Users\agbon\AppData\Roaming\npm\node_modules\yarn\lib\cli.js:138440:10)
      at emitOne (events.js:116:13)
      at Request.emit (events.js:211:7)
      at IncomingMessage.<anonymous> (C:\Users\agbon\AppData\Roaming\npm\node_modules\yarn\lib\cli.js:138362:12)
      at Object.onceWrapper (events.js:313:30)
      at emitNone (events.js:111:20)

npm manifest: 
  {
    "name": "Prello",
    "private": true,
    "scripts": {
      "start": "meteor run",
      "test": "meteor test --once --driver-package meteortesting:mocha"
    },
    "dependencies": {
      "@babel/runtime": "^7.0.0",
      "axios": "^0.18.0",
      "bcrypt": "^3.0.2",
      "classnames": "^2.2.6",
      "express": "^4.16.4",
      "history": "^4.7.2",
      "meteor-node-stubs": "^0.4.1",
      "query-string": "^6.2.0",
      "react": "^16.5.2",
      "react-beautiful-dnd": "^9.0.2",
      "react-dnd": "^5.0.0",
      "react-dnd-html5-backend": "^5.0.1",
      "react-dom": "^16.5.2",
      "react-drag-and-drop": "^2.4.0",
      "react-modal": "^3.6.1",
      "react-paginate": "^5.2.4",
      "react-redux": "^5.0.7",
      "react-router": "^4.3.1",
      "react-router-dom": "^4.3.1",
      "react-router-redux": "^5.0.0-alpha.9",
      "react-select": "^2.1.1",
      "redux": "^4.0.1",
      "redux-logger": "^3.0.6",
      "redux-thunk": "^2.3.0",
      "simpl-schema": "^1.5.3"
    },
    "devDependencies": {
      "chai": "^4.1.2"
    }
  }

yarn manifest: 
  No manifest

Lockfile: 
  No lockfile
